

Started GET "/" for ::1 at 2015-07-24 18:42:14 +0200
Processing by Rails::WelcomeController#index as HTML
  Rendered /Users/aula21/.rvm/gems/ruby-2.2.0@global/gems/railties-4.2.3/lib/rails/templates/rails/welcome/index.html.erb (1.9ms)
Completed 200 OK in 29ms (Views: 9.9ms | ActiveRecord: 0.0ms)


Started GET "/rails/info/properties" for ::1 at 2015-07-24 18:42:16 +0200
Processing by Rails::InfoController#properties as HTML
  Rendered /Users/aula21/.rvm/gems/ruby-2.2.0@global/gems/railties-4.2.3/lib/rails/templates/rails/info/properties.html.erb (0.4ms)
Completed 200 OK in 56ms (Views: 32.3ms | ActiveRecord: 1.4ms)
  [1m[36m (1.3ms)[0m  [1mCREATE TABLE "schema_migrations" ("version" varchar NOT NULL) [0m
  [1m[35m (0.1ms)[0m  select sqlite_version(*)
  [1m[36m (1.0ms)[0m  [1mCREATE UNIQUE INDEX "unique_schema_migrations" ON "schema_migrations" ("version")[0m
  [1m[35mActiveRecord::SchemaMigration Load (0.1ms)[0m  SELECT "schema_migrations".* FROM "schema_migrations"
Migrating to CreateTasks (20150724170500)
  [1m[36m (0.1ms)[0m  [1mbegin transaction[0m
  [1m[35m (0.3ms)[0m  CREATE TABLE "tasks" ("id" INTEGER PRIMARY KEY AUTOINCREMENT NOT NULL, "description" varchar, "status" boolean, "created_at" datetime NOT NULL, "updated_at" datetime NOT NULL) 
  [1m[36mSQL (0.2ms)[0m  [1mINSERT INTO "schema_migrations" ("version") VALUES (?)[0m  [["version", "20150724170500"]]
  [1m[35m (1.3ms)[0m  commit transaction
  [1m[36mActiveRecord::SchemaMigration Load (0.1ms)[0m  [1mSELECT "schema_migrations".* FROM "schema_migrations"[0m


Started GET "/" for ::1 at 2015-07-24 19:05:36 +0200
  [1m[36mActiveRecord::SchemaMigration Load (0.1ms)[0m  [1mSELECT "schema_migrations".* FROM "schema_migrations"[0m
Processing by Rails::WelcomeController#index as HTML
  Rendered /Users/aula21/.rvm/gems/ruby-2.2.0@global/gems/railties-4.2.3/lib/rails/templates/rails/welcome/index.html.erb (1.4ms)
Completed 200 OK in 22ms (Views: 13.0ms | ActiveRecord: 0.0ms)


Started GET "/rails/info/properties" for ::1 at 2015-07-24 19:05:38 +0200
Processing by Rails::InfoController#properties as HTML
  [1m[35mActiveRecord::SchemaMigration Load (0.1ms)[0m  SELECT "schema_migrations".* FROM "schema_migrations"
  Rendered /Users/aula21/.rvm/gems/ruby-2.2.0@global/gems/railties-4.2.3/lib/rails/templates/rails/info/properties.html.erb (0.3ms)
Completed 200 OK in 34ms (Views: 31.1ms | ActiveRecord: 0.2ms)


Started GET "/tasks" for ::1 at 2015-07-24 19:05:43 +0200
Processing by TasksController#index as HTML
  [1m[36mTask Load (0.1ms)[0m  [1mSELECT "tasks".* FROM "tasks"[0m
  Rendered tasks/index.html.erb within layouts/application (1.8ms)
Completed 200 OK in 1824ms (Views: 1821.2ms | ActiveRecord: 0.2ms)


Started GET "/assets/scaffolds.self-9a94fa852641ba097833adbb93080d76442670186ccef423130afe75cf3138a1.css?body=1" for ::1 at 2015-07-24 19:05:45 +0200


Started GET "/tasks/new" for ::1 at 2015-07-24 19:05:47 +0200
Processing by TasksController#new as HTML
  Rendered tasks/_form.html.erb (139.0ms)
  Rendered tasks/new.html.erb within layouts/application (153.4ms)
Completed 200 OK in 199ms (Views: 193.3ms | ActiveRecord: 0.2ms)


Started POST "/tasks" for ::1 at 2015-07-24 19:06:00 +0200
Processing by TasksController#create as HTML
  Parameters: {"utf8"=>"✓", "authenticity_token"=>"X5dK70zgSUnbJB+nZyuXqyQ4kM6aBbxzj4YvQ404aldOgq1vF0F4IrUvYALfN9lml4o6FDE0eI6+jsZbQfkQVQ==", "task"=>{"description"=>"Primera tarea a realizar es comer", "status"=>"1"}, "commit"=>"Create Task"}
  [1m[35m (0.1ms)[0m  begin transaction
  [1m[36mSQL (0.4ms)[0m  [1mINSERT INTO "tasks" ("description", "status", "created_at", "updated_at") VALUES (?, ?, ?, ?)[0m  [["description", "Primera tarea a realizar es comer"], ["status", "t"], ["created_at", "2015-07-24 17:06:00.537211"], ["updated_at", "2015-07-24 17:06:00.537211"]]
  [1m[35m (1.1ms)[0m  commit transaction
Redirected to http://localhost:3000/tasks/1
Completed 302 Found in 10ms (ActiveRecord: 1.6ms)


Started GET "/tasks/1" for ::1 at 2015-07-24 19:06:00 +0200
Processing by TasksController#show as HTML
  Parameters: {"id"=>"1"}
  [1m[36mTask Load (0.2ms)[0m  [1mSELECT  "tasks".* FROM "tasks" WHERE "tasks"."id" = ? LIMIT 1[0m  [["id", 1]]
  Rendered tasks/show.html.erb within layouts/application (0.9ms)
Completed 200 OK in 39ms (Views: 29.1ms | ActiveRecord: 0.2ms)


Started GET "/tasks" for ::1 at 2015-07-24 19:06:04 +0200
Processing by TasksController#index as HTML
  [1m[35mTask Load (0.1ms)[0m  SELECT "tasks".* FROM "tasks"
  Rendered tasks/index.html.erb within layouts/application (1.6ms)
Completed 200 OK in 33ms (Views: 32.0ms | ActiveRecord: 0.1ms)


Started GET "/tasks/new" for ::1 at 2015-07-24 19:06:13 +0200
Processing by TasksController#new as HTML
  Rendered tasks/_form.html.erb (1.6ms)
  Rendered tasks/new.html.erb within layouts/application (2.7ms)
Completed 200 OK in 40ms (Views: 38.5ms | ActiveRecord: 0.0ms)


Started POST "/tasks" for ::1 at 2015-07-24 19:06:36 +0200
Processing by TasksController#create as HTML
  Parameters: {"utf8"=>"✓", "authenticity_token"=>"GwgzVuXKiETRlomDyuWkIQ7P5dFnd8v6+H7dqbNxM64KHdTWvmu5L7+d9iZy+ersvX1PC8xGDwfJdjSxf7BJrA==", "task"=>{"description"=>"La segunda tarea a realizar voy aponer mucho texto yo creo que se puede poner todo el que tu qieras", "status"=>"0"}, "commit"=>"Create Task"}
  [1m[36m (0.1ms)[0m  [1mbegin transaction[0m
  [1m[35mSQL (0.2ms)[0m  INSERT INTO "tasks" ("description", "status", "created_at", "updated_at") VALUES (?, ?, ?, ?)  [["description", "La segunda tarea a realizar voy aponer mucho texto yo creo que se puede poner todo el que tu qieras"], ["status", "f"], ["created_at", "2015-07-24 17:06:36.872990"], ["updated_at", "2015-07-24 17:06:36.872990"]]
  [1m[36m (1.1ms)[0m  [1mcommit transaction[0m
Redirected to http://localhost:3000/tasks/2
Completed 302 Found in 4ms (ActiveRecord: 1.4ms)


Started GET "/tasks/2" for ::1 at 2015-07-24 19:06:36 +0200
Processing by TasksController#show as HTML
  Parameters: {"id"=>"2"}
  [1m[35mTask Load (0.1ms)[0m  SELECT  "tasks".* FROM "tasks" WHERE "tasks"."id" = ? LIMIT 1  [["id", 2]]
  Rendered tasks/show.html.erb within layouts/application (0.4ms)
Completed 200 OK in 44ms (Views: 42.7ms | ActiveRecord: 0.1ms)


Started GET "/tasks" for ::1 at 2015-07-24 19:06:38 +0200
Processing by TasksController#index as HTML
  [1m[36mTask Load (0.1ms)[0m  [1mSELECT "tasks".* FROM "tasks"[0m
  Rendered tasks/index.html.erb within layouts/application (1.5ms)
Completed 200 OK in 41ms (Views: 39.5ms | ActiveRecord: 0.1ms)


Started GET "/tasks/2/edit" for ::1 at 2015-07-24 19:06:47 +0200
Processing by TasksController#edit as HTML
  Parameters: {"id"=>"2"}
  [1m[35mTask Load (0.1ms)[0m  SELECT  "tasks".* FROM "tasks" WHERE "tasks"."id" = ? LIMIT 1  [["id", 2]]
  Rendered tasks/_form.html.erb (2.0ms)
  Rendered tasks/edit.html.erb within layouts/application (3.6ms)
Completed 200 OK in 34ms (Views: 32.5ms | ActiveRecord: 0.1ms)


Started PATCH "/tasks/2" for ::1 at 2015-07-24 19:07:12 +0200
Processing by TasksController#update as HTML
  Parameters: {"utf8"=>"✓", "authenticity_token"=>"argGnH+NYc32K9N1ONm3OgH/Jlwcm4vRm3yVFYwk3tt7reEcJCxQppggrNCAxfn3sk2MhreqTyyqdHwNQOWk2Q==", "task"=>{"description"=>"La segunda tarea a realizar voy aponer mucho texto yo creo que se puede poner todo el que tu quieras pero de momento va todo en una miama linea", "status"=>"0"}, "commit"=>"Update Task", "id"=>"2"}
  [1m[36mTask Load (0.1ms)[0m  [1mSELECT  "tasks".* FROM "tasks" WHERE "tasks"."id" = ? LIMIT 1[0m  [["id", 2]]
  [1m[35m (0.3ms)[0m  begin transaction
  [1m[36mSQL (0.3ms)[0m  [1mUPDATE "tasks" SET "description" = ?, "updated_at" = ? WHERE "tasks"."id" = ?[0m  [["description", "La segunda tarea a realizar voy aponer mucho texto yo creo que se puede poner todo el que tu quieras pero de momento va todo en una miama linea"], ["updated_at", "2015-07-24 17:07:12.843635"], ["id", 2]]
  [1m[35m (8.8ms)[0m  commit transaction
Redirected to http://localhost:3000/tasks/2
Completed 302 Found in 13ms (ActiveRecord: 9.5ms)


Started GET "/tasks/2" for ::1 at 2015-07-24 19:07:12 +0200
Processing by TasksController#show as HTML
  Parameters: {"id"=>"2"}
  [1m[36mTask Load (0.1ms)[0m  [1mSELECT  "tasks".* FROM "tasks" WHERE "tasks"."id" = ? LIMIT 1[0m  [["id", 2]]
  Rendered tasks/show.html.erb within layouts/application (0.3ms)
Completed 200 OK in 30ms (Views: 29.6ms | ActiveRecord: 0.1ms)


Started GET "/tasks" for ::1 at 2015-07-24 19:07:14 +0200
Processing by TasksController#index as HTML
  [1m[35mTask Load (0.1ms)[0m  SELECT "tasks".* FROM "tasks"
  Rendered tasks/index.html.erb within layouts/application (1.3ms)
Completed 200 OK in 26ms (Views: 25.7ms | ActiveRecord: 0.1ms)


Started GET "/" for ::1 at 2015-07-24 19:18:20 +0200
Processing by TasksController#index as HTML
  [1m[36mTask Load (0.3ms)[0m  [1mSELECT "tasks".* FROM "tasks"[0m
  Rendered tasks/index.html.erb within layouts/application (4.9ms)
Completed 200 OK in 31ms (Views: 29.0ms | ActiveRecord: 0.6ms)


Started GET "/" for ::1 at 2015-07-26 12:20:26 +0200
  [1m[36mActiveRecord::SchemaMigration Load (0.3ms)[0m  [1mSELECT "schema_migrations".* FROM "schema_migrations"[0m
Processing by TasksController#index as HTML
  [1m[35mTask Load (0.4ms)[0m  SELECT "tasks".* FROM "tasks"
  Rendered tasks/index.html.erb within layouts/application (6.0ms)
Completed 200 OK in 386ms (Views: 376.6ms | ActiveRecord: 0.6ms)


Started GET "/assets/tasks.self-e3b0c44298fc1c149afbf4c8996fb92427ae41e4649b934ca495991b7852b855.css?body=1" for ::1 at 2015-07-26 12:20:27 +0200


Started GET "/assets/scaffolds.self-621658707d42fdae5d9008023ea78d53fa2a54f582e6416ed358a9002cc18deb.css?body=1" for ::1 at 2015-07-26 12:20:27 +0200


Started GET "/assets/tasks.self-877aef30ae1b040ab8a3aba4e3e309a11d7f2612f44dde450b5c157aa5f95c05.js?body=1" for ::1 at 2015-07-26 12:20:27 +0200


Started GET "/assets/application.self-e80e8f2318043e8af94dddc2adad5a4f09739a8ebb323b3ab31cd71d45fd9113.css?body=1" for ::1 at 2015-07-26 12:20:27 +0200


Started GET "/assets/jquery_ujs.self-ca5248a2fad13d6bd58ea121318d642f195f0b2dd818b30615f785ff365e8d1f.js?body=1" for ::1 at 2015-07-26 12:20:27 +0200


Started GET "/assets/turbolinks.self-c37727e9bd6b2735da5c311aa83fead54ed0be6cc8bd9a65309e9c5abe2cbfff.js?body=1" for ::1 at 2015-07-26 12:20:27 +0200


Started GET "/assets/jquery.self-d03a5518f45df77341bdbe6201ba3bfa547ebba8ed64f0ea56bfa5f96ea7c074.js?body=1" for ::1 at 2015-07-26 12:20:27 +0200


Started GET "/assets/application.self-3b8dabdc891efe46b9a144b400ad69e37d7e5876bdc39dee783419a69d7ca819.js?body=1" for ::1 at 2015-07-26 12:20:27 +0200


Started GET "/" for ::1 at 2015-07-26 13:00:03 +0200
  [1m[36mActiveRecord::SchemaMigration Load (0.1ms)[0m  [1mSELECT "schema_migrations".* FROM "schema_migrations"[0m
Processing by TasksController#index as HTML
  [1m[35mTask Load (0.1ms)[0m  SELECT "tasks".* FROM "tasks"
  Rendered tasks/index.html.erb within layouts/application (5.3ms)
Completed 200 OK in 143ms (Views: 134.0ms | ActiveRecord: 0.4ms)


Started GET "/assets/scaffolds.self-621658707d42fdae5d9008023ea78d53fa2a54f582e6416ed358a9002cc18deb.css?body=1" for ::1 at 2015-07-26 13:00:04 +0200


Started GET "/assets/tasks.self-e3b0c44298fc1c149afbf4c8996fb92427ae41e4649b934ca495991b7852b855.css?body=1" for ::1 at 2015-07-26 13:00:04 +0200


Started GET "/assets/application.self-e80e8f2318043e8af94dddc2adad5a4f09739a8ebb323b3ab31cd71d45fd9113.css?body=1" for ::1 at 2015-07-26 13:00:04 +0200


Started GET "/assets/turbolinks.self-c37727e9bd6b2735da5c311aa83fead54ed0be6cc8bd9a65309e9c5abe2cbfff.js?body=1" for ::1 at 2015-07-26 13:00:04 +0200


Started GET "/assets/jquery_ujs.self-ca5248a2fad13d6bd58ea121318d642f195f0b2dd818b30615f785ff365e8d1f.js?body=1" for ::1 at 2015-07-26 13:00:04 +0200


Started GET "/assets/jquery.self-d03a5518f45df77341bdbe6201ba3bfa547ebba8ed64f0ea56bfa5f96ea7c074.js?body=1" for ::1 at 2015-07-26 13:00:04 +0200


Started GET "/assets/tasks.self-877aef30ae1b040ab8a3aba4e3e309a11d7f2612f44dde450b5c157aa5f95c05.js?body=1" for ::1 at 2015-07-26 13:00:04 +0200


Started GET "/assets/application.self-3b8dabdc891efe46b9a144b400ad69e37d7e5876bdc39dee783419a69d7ca819.js?body=1" for ::1 at 2015-07-26 13:00:04 +0200


Started GET "/" for ::1 at 2015-07-26 21:19:01 +0200
  [1m[36mActiveRecord::SchemaMigration Load (0.1ms)[0m  [1mSELECT "schema_migrations".* FROM "schema_migrations"[0m
Processing by TasksController#index as HTML
  [1m[35mTask Load (0.2ms)[0m  SELECT "tasks".* FROM "tasks"
  Rendered tasks/index.html.erb within layouts/application (6.8ms)
Completed 200 OK in 444ms (Views: 431.7ms | ActiveRecord: 0.4ms)


Started GET "/assets/scaffolds.self-de4293af67a7fd3101fac8c034cf72efc728d5144ae405b0cb0c47dcf349417c.css?body=1" for ::1 at 2015-07-26 21:19:02 +0200


Started GET "/" for ::1 at 2015-07-31 11:51:02 +0200
  [1m[36mActiveRecord::SchemaMigration Load (0.5ms)[0m  [1mSELECT "schema_migrations".* FROM "schema_migrations"[0m
Processing by TasksController#index as HTML
  [1m[35mTask Load (0.4ms)[0m  SELECT "tasks".* FROM "tasks"
  Rendered tasks/index.html.erb within layouts/application (6.0ms)
Completed 200 OK in 428ms (Views: 417.6ms | ActiveRecord: 0.7ms)


Started GET "/assets/scaffolds.self-de4293af67a7fd3101fac8c034cf72efc728d5144ae405b0cb0c47dcf349417c.css?body=1" for ::1 at 2015-07-31 11:51:02 +0200


Started GET "/" for ::1 at 2015-07-31 11:51:43 +0200
  [1m[36mActiveRecord::SchemaMigration Load (0.1ms)[0m  [1mSELECT "schema_migrations".* FROM "schema_migrations"[0m
Processing by TasksController#index as HTML
  [1m[35mTask Load (0.2ms)[0m  SELECT "tasks".* FROM "tasks"
  Rendered tasks/index.html.erb within layouts/application (6.9ms)
Completed 200 OK in 179ms (Views: 168.9ms | ActiveRecord: 0.5ms)


Started GET "/" for ::1 at 2015-07-31 11:53:04 +0200
  [1m[36mActiveRecord::SchemaMigration Load (0.1ms)[0m  [1mSELECT "schema_migrations".* FROM "schema_migrations"[0m
Processing by TasksController#index as HTML
  [1m[35mTask Load (0.2ms)[0m  SELECT "tasks".* FROM "tasks"
  Rendered tasks/index.html.erb within layouts/application (7.9ms)
Completed 200 OK in 4832ms (Views: 4821.1ms | ActiveRecord: 0.6ms)


Started GET "/" for ::1 at 2015-07-31 12:33:18 +0200
  [1m[36mActiveRecord::SchemaMigration Load (0.1ms)[0m  [1mSELECT "schema_migrations".* FROM "schema_migrations"[0m
Processing by TasksController#index as HTML
  [1m[35mTask Load (0.2ms)[0m  SELECT "tasks".* FROM "tasks"
  Rendered tasks/index.html.erb within layouts/application (5.6ms)
Completed 200 OK in 3445ms (Views: 3435.9ms | ActiveRecord: 0.4ms)


Started GET "/assets/scaffolds.self-e58f6350b50445811f8b3298e6e2a92e297b00540bdae6ba2224647b1c49b1b3.css?body=1" for ::1 at 2015-07-31 12:33:22 +0200


Started GET "/" for ::1 at 2015-08-02 10:59:33 +0200
  [1m[36mActiveRecord::SchemaMigration Load (0.5ms)[0m  [1mSELECT "schema_migrations".* FROM "schema_migrations"[0m
Processing by TasksController#index as HTML
  [1m[35mTask Load (0.5ms)[0m  SELECT "tasks".* FROM "tasks"
  Rendered tasks/index.html.erb within layouts/application (7.0ms)
Completed 200 OK in 3269ms (Views: 3255.1ms | ActiveRecord: 0.9ms)


Started GET "/assets/scaffolds.self-070abdc7d83a4aef3381f2384c22e64847ec6ee3bcb446969c8f1625d4fea87c.css?body=1" for ::1 at 2015-08-02 10:59:36 +0200


Started GET "/" for ::1 at 2015-08-02 11:30:57 +0200
  [1m[36mActiveRecord::SchemaMigration Load (0.1ms)[0m  [1mSELECT "schema_migrations".* FROM "schema_migrations"[0m
Processing by TasksController#index as HTML
  [1m[35mTask Load (0.1ms)[0m  SELECT "tasks".* FROM "tasks"
  Rendered tasks/index.html.erb within layouts/application (5.4ms)
Completed 200 OK in 290ms (Views: 281.7ms | ActiveRecord: 0.3ms)


Started GET "/" for ::1 at 2015-08-03 11:32:51 +0200
  [1m[36mActiveRecord::SchemaMigration Load (0.5ms)[0m  [1mSELECT "schema_migrations".* FROM "schema_migrations"[0m
Processing by TasksController#index as HTML
  [1m[35mTask Load (0.4ms)[0m  SELECT "tasks".* FROM "tasks"
  Rendered tasks/index.html.erb within layouts/application (6.1ms)
Completed 200 OK in 317ms (Views: 306.6ms | ActiveRecord: 0.7ms)


Started GET "/tasks/1/edit" for ::1 at 2015-08-03 11:32:54 +0200
Processing by TasksController#edit as HTML
  Parameters: {"id"=>"1"}
  [1m[36mTask Load (0.2ms)[0m  [1mSELECT  "tasks".* FROM "tasks" WHERE "tasks"."id" = ? LIMIT 1[0m  [["id", 1]]
  Rendered tasks/_form.html.erb (21.2ms)
  Rendered tasks/edit.html.erb within layouts/application (27.9ms)
Completed 200 OK in 137ms (Views: 126.0ms | ActiveRecord: 0.2ms)


Started GET "/tasks/1/edit" for ::1 at 2015-08-03 11:33:48 +0200
Processing by TasksController#edit as HTML
  Parameters: {"id"=>"1"}
  [1m[35mTask Load (0.1ms)[0m  SELECT  "tasks".* FROM "tasks" WHERE "tasks"."id" = ? LIMIT 1  [["id", 1]]
  Rendered tasks/_form.html.erb (1.8ms)
  Rendered tasks/edit.html.erb within layouts/application (3.3ms)
Completed 200 OK in 83ms (Views: 81.6ms | ActiveRecord: 0.1ms)


Started GET "/assets/application.self-167193cd81d9330d9ddb5c4ec7b44214fea529aa8a94f3a86e6526e4f652fc02.css?body=1" for ::1 at 2015-08-03 11:33:49 +0200


Started GET "/assets/scaffolds.self-e58f6350b50445811f8b3298e6e2a92e297b00540bdae6ba2224647b1c49b1b3.css?body=1" for ::1 at 2015-08-03 11:33:49 +0200


Started GET "/assets/foundation_and_overrides.self-ec41d72a1adc9733956a11c887a758f28369a8bc78d2714ef52875083ea596c2.css?body=1" for ::1 at 2015-08-03 11:33:49 +0200


Started GET "/assets/jquery.self-d03a5518f45df77341bdbe6201ba3bfa547ebba8ed64f0ea56bfa5f96ea7c074.js?body=1" for ::1 at 2015-08-03 11:33:49 +0200


Started GET "/assets/jquery_ujs.self-ca5248a2fad13d6bd58ea121318d642f195f0b2dd818b30615f785ff365e8d1f.js?body=1" for ::1 at 2015-08-03 11:33:49 +0200


Started GET "/assets/tasks.self-e3b0c44298fc1c149afbf4c8996fb92427ae41e4649b934ca495991b7852b855.css?body=1" for ::1 at 2015-08-03 11:33:49 +0200


Started GET "/assets/foundation/foundation.self-ee5396739ce46beb039f26ea629172a74143752d74f703c6c3b219fc52aecf73.js?body=1" for ::1 at 2015-08-03 11:33:49 +0200


Started GET "/assets/foundation/foundation.abide.self-f8b56c707a79139807305a5f7efc2aaa0848f0c677abcc056496f507e0192b79.js?body=1" for ::1 at 2015-08-03 11:33:49 +0200


Started GET "/assets/foundation/foundation.accordion.self-d55abdcb0a7a29512be2f31f63d418cc8cc4505a0a3c71946d25484b0a0b3f4e.js?body=1" for ::1 at 2015-08-03 11:33:49 +0200


Started GET "/assets/foundation/foundation.alert.self-fbde7afb61e8ffd8ab9b717f0bed1e58cb9e0144a25cc773fea634d5554f62cd.js?body=1" for ::1 at 2015-08-03 11:33:49 +0200


Started GET "/assets/foundation/foundation.clearing.self-54610737b435a97590fcb176848c3c7a44c4d55d369894260fa7c28c97a70a23.js?body=1" for ::1 at 2015-08-03 11:33:49 +0200


Started GET "/assets/foundation/foundation.dropdown.self-c9ee29909e266373e5e814a73fc6ea062245ddd29466d35d232448f73350d78a.js?body=1" for ::1 at 2015-08-03 11:33:49 +0200


Started GET "/assets/foundation/foundation.equalizer.self-7aa743bf4660deb2fb2f601c112806a1703c430067531da3f41e4afffe19fee9.js?body=1" for ::1 at 2015-08-03 11:33:49 +0200


Started GET "/assets/foundation/foundation.interchange.self-dad8415355087cb21a16fa44bac20d602344d52de5aca9e588e3588fce5dd5a7.js?body=1" for ::1 at 2015-08-03 11:33:49 +0200


Started GET "/assets/foundation/foundation.joyride.self-0a5271728699423f583dd5b3b8a11bfe0dc9fb5044446bcf3218ef8ca906a82d.js?body=1" for ::1 at 2015-08-03 11:33:49 +0200


Started GET "/assets/foundation/foundation.magellan.self-a50193f172f11e57b373c3001072ba2d6b34b857ab251e9ded30af5242855687.js?body=1" for ::1 at 2015-08-03 11:33:49 +0200


Started GET "/assets/foundation/foundation.offcanvas.self-75bffd0c7f4f0d2992ab95f0cc6959282ebb5807da70123d40c01d76e230ec88.js?body=1" for ::1 at 2015-08-03 11:33:49 +0200


Started GET "/assets/foundation/foundation.orbit.self-f8d30eb1717c874db26723f9e07901ec0a325d59263f1404ee83a616bb597ad2.js?body=1" for ::1 at 2015-08-03 11:33:49 +0200


Started GET "/assets/foundation/foundation.reveal.self-95f01feb3e25e47b58b78da0021ae2fffafdee70846682067c180e0e10f7b095.js?body=1" for ::1 at 2015-08-03 11:33:49 +0200


Started GET "/assets/foundation/foundation.slider.self-8911a7352cb577b6b7973b0734d57d2b624c79286558ffa36fcac0c29b2d0bee.js?body=1" for ::1 at 2015-08-03 11:33:49 +0200


Started GET "/assets/foundation/foundation.tooltip.self-834156796c253580629cfffc720bdc3d191b1e5a5a6ddbc1102ecd08c876516c.js?body=1" for ::1 at 2015-08-03 11:33:49 +0200


Started GET "/assets/foundation/foundation.tab.self-9bf6791513d1b20e213bb1aee3df0bc17128c7e18421258dc68a2a4ccabe1647.js?body=1" for ::1 at 2015-08-03 11:33:49 +0200


Started GET "/assets/foundation/foundation.topbar.self-105416f061562f07c6a0a8057d68282fdc1eeb5dc306713fcae6c9a53001fc55.js?body=1" for ::1 at 2015-08-03 11:33:49 +0200


Started GET "/assets/foundation.self-abe4ee7a105042f73b12b1f1a28788522d2f253445a475a94ab4d6e1f7b0ec52.js?body=1" for ::1 at 2015-08-03 11:33:49 +0200


Started GET "/assets/turbolinks.self-c37727e9bd6b2735da5c311aa83fead54ed0be6cc8bd9a65309e9c5abe2cbfff.js?body=1" for ::1 at 2015-08-03 11:33:49 +0200


Started GET "/assets/tasks.self-877aef30ae1b040ab8a3aba4e3e309a11d7f2612f44dde450b5c157aa5f95c05.js?body=1" for ::1 at 2015-08-03 11:33:49 +0200


Started GET "/assets/application.self-79a300d240bbf145c9af961805bc87f18e9f73bd1cda275895295c80d8552d3f.js?body=1" for ::1 at 2015-08-03 11:33:49 +0200


Started GET "/assets/vendor/modernizr.self-74da3245def7569da28115667be6a85a2ad97464abe707c9829c46d8975597bc.js?body=1" for ::1 at 2015-08-03 11:33:49 +0200


Started GET "/tasks/1/edit" for ::1 at 2015-08-03 11:33:51 +0200
Processing by TasksController#edit as HTML
  Parameters: {"id"=>"1"}
  [1m[36mTask Load (0.1ms)[0m  [1mSELECT  "tasks".* FROM "tasks" WHERE "tasks"."id" = ? LIMIT 1[0m  [["id", 1]]
  Rendered tasks/_form.html.erb (2.5ms)
  Rendered tasks/edit.html.erb within layouts/application (3.8ms)
Completed 200 OK in 93ms (Views: 92.2ms | ActiveRecord: 0.1ms)


Started GET "/assets/foundation_and_overrides.self-ec41d72a1adc9733956a11c887a758f28369a8bc78d2714ef52875083ea596c2.css?body=1" for ::1 at 2015-08-03 11:33:51 +0200


Started GET "/assets/scaffolds.self-e58f6350b50445811f8b3298e6e2a92e297b00540bdae6ba2224647b1c49b1b3.css?body=1" for ::1 at 2015-08-03 11:33:51 +0200


Started GET "/assets/jquery.self-d03a5518f45df77341bdbe6201ba3bfa547ebba8ed64f0ea56bfa5f96ea7c074.js?body=1" for ::1 at 2015-08-03 11:33:51 +0200


Started GET "/assets/application.self-167193cd81d9330d9ddb5c4ec7b44214fea529aa8a94f3a86e6526e4f652fc02.css?body=1" for ::1 at 2015-08-03 11:33:51 +0200


Started GET "/assets/jquery_ujs.self-ca5248a2fad13d6bd58ea121318d642f195f0b2dd818b30615f785ff365e8d1f.js?body=1" for ::1 at 2015-08-03 11:33:51 +0200


Started GET "/assets/tasks.self-e3b0c44298fc1c149afbf4c8996fb92427ae41e4649b934ca495991b7852b855.css?body=1" for ::1 at 2015-08-03 11:33:51 +0200


Started GET "/assets/foundation/foundation.self-ee5396739ce46beb039f26ea629172a74143752d74f703c6c3b219fc52aecf73.js?body=1" for ::1 at 2015-08-03 11:33:51 +0200


Started GET "/assets/foundation/foundation.abide.self-f8b56c707a79139807305a5f7efc2aaa0848f0c677abcc056496f507e0192b79.js?body=1" for ::1 at 2015-08-03 11:33:51 +0200


Started GET "/assets/foundation/foundation.accordion.self-d55abdcb0a7a29512be2f31f63d418cc8cc4505a0a3c71946d25484b0a0b3f4e.js?body=1" for ::1 at 2015-08-03 11:33:51 +0200


Started GET "/assets/foundation/foundation.alert.self-fbde7afb61e8ffd8ab9b717f0bed1e58cb9e0144a25cc773fea634d5554f62cd.js?body=1" for ::1 at 2015-08-03 11:33:51 +0200


Started GET "/assets/foundation/foundation.clearing.self-54610737b435a97590fcb176848c3c7a44c4d55d369894260fa7c28c97a70a23.js?body=1" for ::1 at 2015-08-03 11:33:51 +0200


Started GET "/assets/foundation/foundation.dropdown.self-c9ee29909e266373e5e814a73fc6ea062245ddd29466d35d232448f73350d78a.js?body=1" for ::1 at 2015-08-03 11:33:51 +0200


Started GET "/assets/foundation/foundation.equalizer.self-7aa743bf4660deb2fb2f601c112806a1703c430067531da3f41e4afffe19fee9.js?body=1" for ::1 at 2015-08-03 11:33:51 +0200


Started GET "/assets/foundation/foundation.interchange.self-dad8415355087cb21a16fa44bac20d602344d52de5aca9e588e3588fce5dd5a7.js?body=1" for ::1 at 2015-08-03 11:33:51 +0200


Started GET "/assets/foundation/foundation.magellan.self-a50193f172f11e57b373c3001072ba2d6b34b857ab251e9ded30af5242855687.js?body=1" for ::1 at 2015-08-03 11:33:51 +0200


Started GET "/assets/foundation/foundation.joyride.self-0a5271728699423f583dd5b3b8a11bfe0dc9fb5044446bcf3218ef8ca906a82d.js?body=1" for ::1 at 2015-08-03 11:33:51 +0200


Started GET "/assets/foundation/foundation.offcanvas.self-75bffd0c7f4f0d2992ab95f0cc6959282ebb5807da70123d40c01d76e230ec88.js?body=1" for ::1 at 2015-08-03 11:33:51 +0200


Started GET "/assets/foundation/foundation.orbit.self-f8d30eb1717c874db26723f9e07901ec0a325d59263f1404ee83a616bb597ad2.js?body=1" for ::1 at 2015-08-03 11:33:51 +0200


Started GET "/assets/foundation/foundation.slider.self-8911a7352cb577b6b7973b0734d57d2b624c79286558ffa36fcac0c29b2d0bee.js?body=1" for ::1 at 2015-08-03 11:33:51 +0200


Started GET "/assets/foundation/foundation.reveal.self-95f01feb3e25e47b58b78da0021ae2fffafdee70846682067c180e0e10f7b095.js?body=1" for ::1 at 2015-08-03 11:33:51 +0200


Started GET "/assets/foundation/foundation.tab.self-9bf6791513d1b20e213bb1aee3df0bc17128c7e18421258dc68a2a4ccabe1647.js?body=1" for ::1 at 2015-08-03 11:33:51 +0200


Started GET "/assets/foundation/foundation.tooltip.self-834156796c253580629cfffc720bdc3d191b1e5a5a6ddbc1102ecd08c876516c.js?body=1" for ::1 at 2015-08-03 11:33:51 +0200


Started GET "/assets/foundation/foundation.topbar.self-105416f061562f07c6a0a8057d68282fdc1eeb5dc306713fcae6c9a53001fc55.js?body=1" for ::1 at 2015-08-03 11:33:51 +0200


Started GET "/assets/foundation.self-abe4ee7a105042f73b12b1f1a28788522d2f253445a475a94ab4d6e1f7b0ec52.js?body=1" for ::1 at 2015-08-03 11:33:51 +0200


Started GET "/assets/turbolinks.self-c37727e9bd6b2735da5c311aa83fead54ed0be6cc8bd9a65309e9c5abe2cbfff.js?body=1" for ::1 at 2015-08-03 11:33:51 +0200


Started GET "/assets/tasks.self-877aef30ae1b040ab8a3aba4e3e309a11d7f2612f44dde450b5c157aa5f95c05.js?body=1" for ::1 at 2015-08-03 11:33:51 +0200


Started GET "/assets/application.self-79a300d240bbf145c9af961805bc87f18e9f73bd1cda275895295c80d8552d3f.js?body=1" for ::1 at 2015-08-03 11:33:51 +0200


Started GET "/assets/vendor/modernizr.self-74da3245def7569da28115667be6a85a2ad97464abe707c9829c46d8975597bc.js?body=1" for ::1 at 2015-08-03 11:33:51 +0200


Started PATCH "/tasks/1" for ::1 at 2015-08-03 11:34:14 +0200
Processing by TasksController#update as HTML
  Parameters: {"utf8"=>"✓", "authenticity_token"=>"VZsZIfUPPkvRHS45uGdUcHnNUvIXC0n9GVac5b4AV0f7OXvIMyf5wB/o20y0R7dzAaFDq6qTWMaDBtcx6oJtLg==", "task"=>{"description"=>"Primera tarea a realizar es comer", "status"=>"1"}, "commit"=>"Update Task", "id"=>"1"}
  [1m[35mTask Load (0.1ms)[0m  SELECT  "tasks".* FROM "tasks" WHERE "tasks"."id" = ? LIMIT 1  [["id", 1]]
  [1m[36m (0.1ms)[0m  [1mbegin transaction[0m
  [1m[35m (0.0ms)[0m  commit transaction
Redirected to http://localhost:3000/tasks/1
Completed 302 Found in 2ms (ActiveRecord: 0.2ms)


Started GET "/tasks/1" for ::1 at 2015-08-03 11:34:14 +0200
Processing by TasksController#show as HTML
  Parameters: {"id"=>"1"}
  [1m[36mTask Load (0.1ms)[0m  [1mSELECT  "tasks".* FROM "tasks" WHERE "tasks"."id" = ? LIMIT 1[0m  [["id", 1]]
  Rendered tasks/show.html.erb within layouts/application (1.0ms)
Completed 200 OK in 114ms (Views: 113.0ms | ActiveRecord: 0.1ms)


Started GET "/tasks" for ::1 at 2015-08-03 11:34:16 +0200
Processing by TasksController#index as HTML
  [1m[35mTask Load (0.2ms)[0m  SELECT "tasks".* FROM "tasks"
  Rendered tasks/index.html.erb within layouts/application (2.5ms)
Completed 200 OK in 89ms (Views: 88.7ms | ActiveRecord: 0.2ms)


Started GET "/tasks/new" for ::1 at 2015-08-03 11:34:20 +0200
Processing by TasksController#new as HTML
  Rendered tasks/_form.html.erb (1.4ms)
  Rendered tasks/new.html.erb within layouts/application (3.0ms)
Completed 200 OK in 87ms (Views: 86.5ms | ActiveRecord: 0.0ms)


Started GET "/" for ::1 at 2015-09-03 17:02:32 +0200
  [1m[36mActiveRecord::SchemaMigration Load (0.4ms)[0m  [1mSELECT "schema_migrations".* FROM "schema_migrations"[0m
Processing by TasksController#index as HTML
  [1m[35mTask Load (0.5ms)[0m  SELECT "tasks".* FROM "tasks"
  Rendered tasks/index.html.erb within layouts/application (6.8ms)
Completed 200 OK in 310ms (Views: 296.9ms | ActiveRecord: 0.8ms)


Started GET "/assets/scaffolds.self-e58f6350b50445811f8b3298e6e2a92e297b00540bdae6ba2224647b1c49b1b3.css?body=1" for ::1 at 2015-09-03 17:02:33 +0200


Started GET "/tasks/new" for ::1 at 2015-09-03 17:02:37 +0200
Processing by TasksController#new as HTML
  Rendered tasks/_form.html.erb (35.5ms)
  Rendered tasks/new.html.erb within layouts/application (43.1ms)
Completed 200 OK in 141ms (Views: 140.5ms | ActiveRecord: 0.0ms)


Started GET "/tasks" for ::1 at 2015-09-03 17:02:40 +0200
Processing by TasksController#index as HTML
  [1m[36mTask Load (0.1ms)[0m  [1mSELECT "tasks".* FROM "tasks"[0m
  Rendered tasks/index.html.erb within layouts/application (1.6ms)
Completed 200 OK in 79ms (Views: 78.1ms | ActiveRecord: 0.1ms)


Started GET "/tasks/1" for ::1 at 2015-09-03 17:02:45 +0200
Processing by TasksController#show as HTML
  Parameters: {"id"=>"1"}
  [1m[35mTask Load (0.2ms)[0m  SELECT  "tasks".* FROM "tasks" WHERE "tasks"."id" = ? LIMIT 1  [["id", 1]]
  Rendered tasks/show.html.erb within layouts/application (0.6ms)
Completed 200 OK in 88ms (Views: 78.6ms | ActiveRecord: 0.2ms)


Started GET "/products" for ::1 at 2015-09-03 17:15:06 +0200
  [1m[36mActiveRecord::SchemaMigration Load (0.1ms)[0m  [1mSELECT "schema_migrations".* FROM "schema_migrations"[0m

ActionController::RoutingError (No route matches [GET] "/products"):
  actionpack (4.2.3) lib/action_dispatch/middleware/debug_exceptions.rb:21:in `call'
  web-console (2.2.1) lib/web_console/middleware.rb:39:in `call'
  actionpack (4.2.3) lib/action_dispatch/middleware/show_exceptions.rb:30:in `call'
  railties (4.2.3) lib/rails/rack/logger.rb:38:in `call_app'
  railties (4.2.3) lib/rails/rack/logger.rb:20:in `block in call'
  activesupport (4.2.3) lib/active_support/tagged_logging.rb:68:in `block in tagged'
  activesupport (4.2.3) lib/active_support/tagged_logging.rb:26:in `tagged'
  activesupport (4.2.3) lib/active_support/tagged_logging.rb:68:in `tagged'
  railties (4.2.3) lib/rails/rack/logger.rb:20:in `call'
  actionpack (4.2.3) lib/action_dispatch/middleware/request_id.rb:21:in `call'
  rack (1.6.4) lib/rack/methodoverride.rb:22:in `call'
  rack (1.6.4) lib/rack/runtime.rb:18:in `call'
  activesupport (4.2.3) lib/active_support/cache/strategy/local_cache_middleware.rb:28:in `call'
  rack (1.6.4) lib/rack/lock.rb:17:in `call'
  actionpack (4.2.3) lib/action_dispatch/middleware/static.rb:116:in `call'
  rack (1.6.4) lib/rack/sendfile.rb:113:in `call'
  railties (4.2.3) lib/rails/engine.rb:518:in `call'
  railties (4.2.3) lib/rails/application.rb:165:in `call'
  rack (1.6.4) lib/rack/lock.rb:17:in `call'
  rack (1.6.4) lib/rack/content_length.rb:15:in `call'
  rack (1.6.4) lib/rack/handler/webrick.rb:88:in `service'
  /Users/mercedes/.rvm/rubies/ruby-2.2.0/lib/ruby/2.2.0/webrick/httpserver.rb:138:in `service'
  /Users/mercedes/.rvm/rubies/ruby-2.2.0/lib/ruby/2.2.0/webrick/httpserver.rb:94:in `run'
  /Users/mercedes/.rvm/rubies/ruby-2.2.0/lib/ruby/2.2.0/webrick/server.rb:294:in `block in start_thread'


  Rendered /Users/mercedes/.rvm/gems/ruby-2.2.0/gems/actionpack-4.2.3/lib/action_dispatch/middleware/templates/rescues/_trace.html.erb (1.2ms)
  Rendered /Users/mercedes/.rvm/gems/ruby-2.2.0/gems/actionpack-4.2.3/lib/action_dispatch/middleware/templates/routes/_route.html.erb (0.9ms)
  Rendered /Users/mercedes/.rvm/gems/ruby-2.2.0/gems/actionpack-4.2.3/lib/action_dispatch/middleware/templates/routes/_table.html.erb (5.7ms)
  Rendered /Users/mercedes/.rvm/gems/ruby-2.2.0/gems/actionpack-4.2.3/lib/action_dispatch/middleware/templates/rescues/_request_and_response.html.erb (11.4ms)
  Rendered /Users/mercedes/.rvm/gems/ruby-2.2.0/gems/actionpack-4.2.3/lib/action_dispatch/middleware/templates/rescues/routing_error.html.erb within rescues/layout (76.7ms)
  Rendered /Users/mercedes/.rvm/gems/ruby-2.2.0/gems/web-console-2.2.1/lib/web_console/templates/_markup.html.erb (0.3ms)
  Rendered /Users/mercedes/.rvm/gems/ruby-2.2.0/gems/web-console-2.2.1/lib/web_console/templates/_inner_console_markup.html.erb within layouts/inlined_string (0.5ms)
  Rendered /Users/mercedes/.rvm/gems/ruby-2.2.0/gems/web-console-2.2.1/lib/web_console/templates/_prompt_box_markup.html.erb within layouts/inlined_string (0.3ms)
  Rendered /Users/mercedes/.rvm/gems/ruby-2.2.0/gems/web-console-2.2.1/lib/web_console/templates/style.css.erb within layouts/inlined_string (0.4ms)
  Rendered /Users/mercedes/.rvm/gems/ruby-2.2.0/gems/web-console-2.2.1/lib/web_console/templates/console.js.erb within layouts/javascript (47.2ms)
  Rendered /Users/mercedes/.rvm/gems/ruby-2.2.0/gems/web-console-2.2.1/lib/web_console/templates/main.js.erb within layouts/javascript (0.3ms)
  Rendered /Users/mercedes/.rvm/gems/ruby-2.2.0/gems/web-console-2.2.1/lib/web_console/templates/error_page.js.erb within layouts/javascript (0.3ms)
  Rendered /Users/mercedes/.rvm/gems/ruby-2.2.0/gems/web-console-2.2.1/lib/web_console/templates/index.html.erb (92.8ms)


Started GET "/products" for ::1 at 2015-09-03 17:15:09 +0200

ActionController::RoutingError (No route matches [GET] "/products"):
  actionpack (4.2.3) lib/action_dispatch/middleware/debug_exceptions.rb:21:in `call'
  web-console (2.2.1) lib/web_console/middleware.rb:39:in `call'
  actionpack (4.2.3) lib/action_dispatch/middleware/show_exceptions.rb:30:in `call'
  railties (4.2.3) lib/rails/rack/logger.rb:38:in `call_app'
  railties (4.2.3) lib/rails/rack/logger.rb:20:in `block in call'
  activesupport (4.2.3) lib/active_support/tagged_logging.rb:68:in `block in tagged'
  activesupport (4.2.3) lib/active_support/tagged_logging.rb:26:in `tagged'
  activesupport (4.2.3) lib/active_support/tagged_logging.rb:68:in `tagged'
  railties (4.2.3) lib/rails/rack/logger.rb:20:in `call'
  actionpack (4.2.3) lib/action_dispatch/middleware/request_id.rb:21:in `call'
  rack (1.6.4) lib/rack/methodoverride.rb:22:in `call'
  rack (1.6.4) lib/rack/runtime.rb:18:in `call'
  activesupport (4.2.3) lib/active_support/cache/strategy/local_cache_middleware.rb:28:in `call'
  rack (1.6.4) lib/rack/lock.rb:17:in `call'
  actionpack (4.2.3) lib/action_dispatch/middleware/static.rb:116:in `call'
  rack (1.6.4) lib/rack/sendfile.rb:113:in `call'
  railties (4.2.3) lib/rails/engine.rb:518:in `call'
  railties (4.2.3) lib/rails/application.rb:165:in `call'
  rack (1.6.4) lib/rack/lock.rb:17:in `call'
  rack (1.6.4) lib/rack/content_length.rb:15:in `call'
  rack (1.6.4) lib/rack/handler/webrick.rb:88:in `service'
  /Users/mercedes/.rvm/rubies/ruby-2.2.0/lib/ruby/2.2.0/webrick/httpserver.rb:138:in `service'
  /Users/mercedes/.rvm/rubies/ruby-2.2.0/lib/ruby/2.2.0/webrick/httpserver.rb:94:in `run'
  /Users/mercedes/.rvm/rubies/ruby-2.2.0/lib/ruby/2.2.0/webrick/server.rb:294:in `block in start_thread'


  Rendered /Users/mercedes/.rvm/gems/ruby-2.2.0/gems/actionpack-4.2.3/lib/action_dispatch/middleware/templates/rescues/_trace.html.erb (1.2ms)
  Rendered /Users/mercedes/.rvm/gems/ruby-2.2.0/gems/actionpack-4.2.3/lib/action_dispatch/middleware/templates/routes/_route.html.erb (0.8ms)
  Rendered /Users/mercedes/.rvm/gems/ruby-2.2.0/gems/actionpack-4.2.3/lib/action_dispatch/middleware/templates/routes/_table.html.erb (1.6ms)
  Rendered /Users/mercedes/.rvm/gems/ruby-2.2.0/gems/actionpack-4.2.3/lib/action_dispatch/middleware/templates/rescues/_request_and_response.html.erb (1.1ms)
  Rendered /Users/mercedes/.rvm/gems/ruby-2.2.0/gems/actionpack-4.2.3/lib/action_dispatch/middleware/templates/rescues/routing_error.html.erb within rescues/layout (55.5ms)
  Rendered /Users/mercedes/.rvm/gems/ruby-2.2.0/gems/web-console-2.2.1/lib/web_console/templates/_markup.html.erb (0.3ms)
  Rendered /Users/mercedes/.rvm/gems/ruby-2.2.0/gems/web-console-2.2.1/lib/web_console/templates/_inner_console_markup.html.erb within layouts/inlined_string (0.3ms)
  Rendered /Users/mercedes/.rvm/gems/ruby-2.2.0/gems/web-console-2.2.1/lib/web_console/templates/_prompt_box_markup.html.erb within layouts/inlined_string (0.2ms)
  Rendered /Users/mercedes/.rvm/gems/ruby-2.2.0/gems/web-console-2.2.1/lib/web_console/templates/style.css.erb within layouts/inlined_string (0.2ms)
  Rendered /Users/mercedes/.rvm/gems/ruby-2.2.0/gems/web-console-2.2.1/lib/web_console/templates/console.js.erb within layouts/javascript (35.6ms)
  Rendered /Users/mercedes/.rvm/gems/ruby-2.2.0/gems/web-console-2.2.1/lib/web_console/templates/main.js.erb within layouts/javascript (0.2ms)
  Rendered /Users/mercedes/.rvm/gems/ruby-2.2.0/gems/web-console-2.2.1/lib/web_console/templates/error_page.js.erb within layouts/javascript (0.5ms)
  Rendered /Users/mercedes/.rvm/gems/ruby-2.2.0/gems/web-console-2.2.1/lib/web_console/templates/index.html.erb (76.7ms)


Started GET "/" for ::1 at 2015-09-03 17:15:48 +0200
  [1m[36mActiveRecord::SchemaMigration Load (0.1ms)[0m  [1mSELECT "schema_migrations".* FROM "schema_migrations"[0m
Processing by TasksController#index as HTML
  [1m[35mTask Load (0.1ms)[0m  SELECT "tasks".* FROM "tasks"
  Rendered tasks/index.html.erb within layouts/application (5.5ms)
Completed 200 OK in 303ms (Views: 295.1ms | ActiveRecord: 0.4ms)


Started GET "/tasks/new" for ::1 at 2015-09-03 17:16:11 +0200
Processing by TasksController#new as HTML
  Rendered tasks/_form.html.erb (21.8ms)
  Rendered tasks/new.html.erb within layouts/application (25.9ms)
Completed 200 OK in 121ms (Views: 120.0ms | ActiveRecord: 0.0ms)


Started GET "/tasks" for ::1 at 2015-09-03 17:16:15 +0200
Processing by TasksController#index as HTML
  [1m[36mTask Load (0.1ms)[0m  [1mSELECT "tasks".* FROM "tasks"[0m
  Rendered tasks/index.html.erb within layouts/application (1.7ms)
Completed 200 OK in 74ms (Views: 72.9ms | ActiveRecord: 0.1ms)


Started GET "/" for ::1 at 2016-02-28 00:57:44 +0100
  [1m[36mActiveRecord::SchemaMigration Load (0.1ms)[0m  [1mSELECT "schema_migrations".* FROM "schema_migrations"[0m
Processing by TasksController#index as HTML
  [1m[35mTask Load (0.2ms)[0m  SELECT "tasks".* FROM "tasks"
  Rendered tasks/index.html.erb within layouts/application (5.1ms)
Completed 200 OK in 4637ms (Views: 4629.3ms | ActiveRecord: 0.3ms)


Started GET "/" for ::1 at 2016-02-28 01:00:00 +0100
  [1m[36mActiveRecord::SchemaMigration Load (0.1ms)[0m  [1mSELECT "schema_migrations".* FROM "schema_migrations"[0m
Processing by Rails::WelcomeController#index as HTML
  Rendered /Users/mercedes/.rvm/gems/ruby-2.3.0/gems/railties-4.2.3/lib/rails/templates/rails/welcome/index.html.erb (1.7ms)
Completed 200 OK in 17ms (Views: 8.0ms | ActiveRecord: 0.0ms)


Started GET "/tasks" for ::1 at 2016-02-28 01:00:06 +0100
Processing by TasksController#index as HTML
  [1m[35mTask Load (0.1ms)[0m  SELECT "tasks".* FROM "tasks"
  Rendered tasks/index.html.erb within layouts/application (4.9ms)
Completed 200 OK in 243ms (Views: 241.2ms | ActiveRecord: 0.3ms)
